proguard_logs/seeds.txt
com.kosherbacon.mmcfe_ng.AddServerActivity
com.kosherbacon.mmcfe_ng.AddServerActivity: AddServerActivity()
com.kosherbacon.mmcfe_ng.BaseActivity
com.kosherbacon.mmcfe_ng.BaseActivity: BaseActivity(int)
com.kosherbacon.mmcfe_ng.CurrenciesActivity
com.kosherbacon.mmcfe_ng.CurrenciesActivity: CurrenciesActivity()
com.kosherbacon.mmcfe_ng.MyActivity
com.kosherbacon.mmcfe_ng.MyActivity: MyActivity()
com.kosherbacon.mmcfe_ng.R$attr: int actionBarDivider
com.kosherbacon.mmcfe_ng.R$attr: int actionBarItemBackground
com.kosherbacon.mmcfe_ng.R$attr: int actionBarSize
com.kosherbacon.mmcfe_ng.R$attr: int actionBarSplitStyle
com.kosherbacon.mmcfe_ng.R$attr: int actionBarStyle
com.kosherbacon.mmcfe_ng.R$attr: int actionBarTabBarStyle
com.kosherbacon.mmcfe_ng.R$attr: int actionBarTabStyle
com.kosherbacon.mmcfe_ng.R$attr: int actionBarTabTextStyle
com.kosherbacon.mmcfe_ng.R$attr: int actionBarWidgetTheme
com.kosherbacon.mmcfe_ng.R$attr: int actionButtonStyle
com.kosherbacon.mmcfe_ng.R$attr: int actionDropDownStyle
com.kosherbacon.mmcfe_ng.R$attr: int actionMenuTextAppearance
com.kosherbacon.mmcfe_ng.R$attr: int actionMenuTextColor
com.kosherbacon.mmcfe_ng.R$attr: int actionModeBackground
com.kosherbacon.mmcfe_ng.R$attr: int actionModeCloseButtonStyle
com.kosherbacon.mmcfe_ng.R$attr: int actionModeCloseDrawable
com.kosherbacon.mmcfe_ng.R$attr: int actionModePopupWindowStyle
com.kosherbacon.mmcfe_ng.R$attr: int actionModeShareDrawable
com.kosherbacon.mmcfe_ng.R$attr: int actionModeSplitBackground
com.kosherbacon.mmcfe_ng.R$attr: int actionModeStyle
com.kosherbacon.mmcfe_ng.R$attr: int actionOverflowButtonStyle
com.kosherbacon.mmcfe_ng.R$attr: int actionSpinnerItemStyle
com.kosherbacon.mmcfe_ng.R$attr: int activatedBackgroundIndicator
com.kosherbacon.mmcfe_ng.R$attr: int activityChooserViewStyle
com.kosherbacon.mmcfe_ng.R$attr: int background
com.kosherbacon.mmcfe_ng.R$bool: int abs__action_bar_embed_tabs
com.kosherbacon.mmcfe_ng.R$bool: int abs__action_bar_expanded_action_views_exclusive
com.kosherbacon.mmcfe_ng.R$bool: int abs__config_actionMenuItemAllCaps
com.kosherbacon.mmcfe_ng.R$bool: int abs__config_allowActionMenuItemTextWithIcon
com.kosherbacon.mmcfe_ng.R$bool: int abs__config_showMenuShortcutsWhenKeyboardPresent
com.kosherbacon.mmcfe_ng.R$bool: int abs__split_action_bar_is_narrow
com.kosherbacon.mmcfe_ng.R$color: int abs__background_holo_dark
com.kosherbacon.mmcfe_ng.R$color: int abs__background_holo_light
com.kosherbacon.mmcfe_ng.R$color: int abs__bright_foreground_disabled_holo_dark
com.kosherbacon.mmcfe_ng.R$color: int abs__bright_foreground_disabled_holo_light
com.kosherbacon.mmcfe_ng.R$color: int abs__bright_foreground_holo_dark
com.kosherbacon.mmcfe_ng.R$color: int abs__bright_foreground_holo_light
com.kosherbacon.mmcfe_ng.R$color: int abs__primary_text_disable_only_holo_dark
com.kosherbacon.mmcfe_ng.R$color: int abs__primary_text_disable_only_holo_light
com.kosherbacon.mmcfe_ng.R$color: int abs__primary_text_holo_dark
com.kosherbacon.mmcfe_ng.R$color: int abs__primary_text_holo_light
...
com.actionbarsherlock.widget.SearchView
com.actionbarsherlock.widget.SearchView: boolean DBG
com.actionbarsherlock.widget.SearchView: java.lang.String LOG_TAG
com.actionbarsherlock.widget.SearchView: java.lang.String IME_OPTION_NO_MICROPHONE
com.actionbarsherlock.widget.SearchView: com.actionbarsherlock.widget.SearchView$OnQueryTextListener mOnQueryChangeListener
com.actionbarsherlock.widget.SearchView: com.actionbarsherlock.widget.SearchView$OnCloseListener mOnCloseListener
com.actionbarsherlock.widget.SearchView: android.view.View$OnFocusChangeListener mOnQueryTextFocusChangeListener
com.actionbarsherlock.widget.SearchView: com.actionbarsherlock.widget.SearchView$OnSuggestionListener mOnSuggestionListener
com.actionbarsherlock.widget.SearchView: android.view.View$OnClickListener mOnSearchClickListener
com.actionbarsherlock.widget.SearchView: boolean mIconifiedByDefault
com.actionbarsherlock.widget.SearchView: boolean mIconified
com.actionbarsherlock.widget.SearchView: android.support.v4.widget.CursorAdapter mSuggestionsAdapter
com.actionbarsherlock.widget.SearchView: android.view.View mSearchButton
com.actionbarsherlock.widget.SearchView: android.view.View mSubmitButton
com.actionbarsherlock.widget.SearchView: android.view.View mSearchPlate
com.actionbarsherlock.widget.SearchView: android.view.View mSubmitArea
com.actionbarsherlock.widget.SearchView: android.widget.ImageView mCloseButton
com.actionbarsherlock.widget.SearchView: android.view.View mSearchEditFrame
com.actionbarsherlock.widget.SearchView$1
com.actionbarsherlock.widget.SearchView$1: com.actionbarsherlock.widget.SearchView this$0
com.actionbarsherlock.widget.SearchView$1: SearchView$1(com.actionbarsherlock.widget.SearchView)
com.actionbarsherlock.widget.SearchView$1: void run()
com.actionbarsherlock.widget.SearchView$10
com.actionbarsherlock.widget.SearchView$10: com.actionbarsherlock.widget.SearchView this$0
com.actionbarsherlock.widget.SearchView$10: SearchView$10(com.actionbarsherlock.widget.SearchView)
com.actionbarsherlock.widget.SearchView$10: void onItemClick(android.widget.AdapterView,android.view.View,int,long)
com.actionbarsherlock.widget.SearchView$11
com.actionbarsherlock.widget.SearchView$11: com.actionbarsherlock.widget.SearchView this$0
com.actionbarsherlock.widget.SearchView$11: SearchView$11(com.actionbarsherlock.widget.SearchView)
com.actionbarsherlock.widget.SearchView$11: void onItemSelected(android.widget.AdapterView,android.view.View,int,long)
com.actionbarsherlock.widget.SearchView$11: void onNothingSelected(android.widget.AdapterView)
com.actionbarsherlock.widget.SearchView$12
com.actionbarsherlock.widget.SearchView$12: com.actionbarsherlock.widget.SearchView this$0
com.actionbarsherlock.widget.SearchView$12: SearchView$12(com.actionbarsherlock.widget.SearchView)
com.actionbarsherlock.widget.SearchView$12: void beforeTextChanged(java.lang.CharSequence,int,int,int)
com.actionbarsherlock.widget.SearchView$12: void onTextChanged(java.lang.CharSequence,int,int,int)
com.actionbarsherlock.widget.SearchView$12: void afterTextChanged(android.text.Editable)
com.actionbarsherlock.widget.SearchView$2
com.actionbarsherlock.widget.SearchView$2: com.actionbarsherlock.widget.SearchView this$0
com.actionbarsherlock.widget.SearchView$2: SearchView$2(com.actionbarsherlock.widget.SearchView)
com.actionbarsherlock.widget.SearchView$2: void run()
com.actionbarsherlock.widget.SearchView$3
com.actionbarsherlock.widget.SearchView$3: com.actionbarsherlock.widget.SearchView this$0
com.actionbarsherlock.widget.SearchView$3: SearchView$3(com.actionbarsherlock.widget.SearchView)
com.actionbarsherlock.widget.SearchView$3: void run()
com.actionbarsherlock.widget.SearchView$4
com.actionbarsherlock.widget.SearchView$4: com.actionbarsherlock.widget.SearchView this$0
com.actionbarsherlock.widget.SearchView$4: SearchView$4(com.actionbarsherlock.widget.SearchView)
com.actionbarsherlock.widget.SearchView$4: void onFocusChange(android.view.View,boolean)