proguard_logs/mapping.txt
com.kosherbacon.mmcfe_ng.AddServerActivity -> com.kosherbacon.mmcfe_ng.AddServerActivity:
    42:110:void onCreate(android.os.Bundle) -> onCreate
    114:122:void loadPreferences() -> a
    126:131:void savePreferences() -> b
    135:142:void launchQRScanner() -> c
    145:146:boolean isCameraAvailable() -> d
    151:179:void onActivityResult(int,int,android.content.Intent) -> onActivityResult
    182:186:void clearForms() -> e
    189:222:void generateQRCode(android.widget.ImageView,java.lang.String) -> a
com.kosherbacon.mmcfe_ng.AddServerActivity$1 -> com.kosherbacon.mmcfe_ng.a:
    com.kosherbacon.mmcfe_ng.AddServerActivity this$0 -> a
    47:48:void onClick(android.view.View) -> onClick
com.kosherbacon.mmcfe_ng.AddServerActivity$2 -> com.kosherbacon.mmcfe_ng.b:
    com.kosherbacon.mmcfe_ng.AddServerActivity this$0 -> a
    53:54:void onClick(android.view.View) -> onClick
com.kosherbacon.mmcfe_ng.AddServerActivity$3 -> com.kosherbacon.mmcfe_ng.c:
    com.kosherbacon.mmcfe_ng.AddServerActivity this$0 -> a
    64:90:void onClick(android.view.View) -> onClick
com.kosherbacon.mmcfe_ng.AddServerActivity$4 -> com.kosherbacon.mmcfe_ng.d:
    com.kosherbacon.mmcfe_ng.AddServerActivity this$0 -> a
    96:98:void onClick(android.view.View) -> onClick
com.kosherbacon.mmcfe_ng.Base64Coder -> com.kosherbacon.mmcfe_ng.e:
    java.lang.String systemLineSeparator -> a
    char[] map1 -> b
    byte[] map2 -> c
    71:71:char[] encode(byte[]) -> a
    92:110:char[] encode(byte[],int,int) -> a
    147:147:byte[] decode(java.lang.String) -> a
    157:157:byte[] decode(char[]) -> a
    169:195:byte[] decode(char[],int,int) -> a
com.kosherbacon.mmcfe_ng.BaseActivity -> com.kosherbacon.mmcfe_ng.BaseActivity:
    int mTitleRes -> b
    android.support.v4.app.ListFragment mFrag -> a
    29:62:void onCreate(android.os.Bundle) -> onCreate
    66:67:void onResume() -> onResume
    71:79:void loadPreferences() -> c
    92:104:boolean onOptionsItemSelected(com.actionbarsherlock.view.MenuItem) -> onOptionsItemSelected
    109:113:boolean onCreateOptionsMenu(com.actionbarsherlock.view.Menu) -> onCreateOptionsMenu
com.kosherbacon.mmcfe_ng.CurrenciesActivity -> com.kosherbacon.mmcfe_ng.CurrenciesActivity:
    10:12:void onCreate(android.os.Bundle) -> onCreate
com.kosherbacon.mmcfe_ng.MyActivity -> com.kosherbacon.mmcfe_ng.MyActivity:
    14:25:void onCreate(android.os.Bundle) -> onCreate
    29:34:void onBackPressed() -> onBackPressed
com.kosherbacon.mmcfe_ng.Preferences -> com.kosherbacon.mmcfe_ng.f:
    com.kosherbacon.mmcfe_ng.PreferencesData servers -> a
    15:16:void savePreferences(java.lang.String,android.content.Context) -> a
    19:19:java.lang.String loadPreferences(java.lang.String,android.content.Context) -> b
    23:28:java.util.ArrayList getServerItems() -> a
    33:41:com.kosherbacon.mmcfe_ng.PreferencesData fromString(java.lang.String) -> a
    46:50:java.lang.String toString(java.io.Serializable) -> a
com.kosherbacon.mmcfe_ng.PreferencesData -> com.kosherbacon.mmcfe_ng.g:
com.kosherbacon.mmcfe_ng.ServerAdapter -> com.kosherbacon.mmcfe_ng.h:
    android.content.Context context -> a
    java.util.ArrayList items -> b
    28:28:int getCount() -> getCount
    33:33:java.lang.Object getItem(int) -> getItem
    38:38:long getItemId(int) -> getItemId
    42:44:void swapItems(java.util.ArrayList) -> a
    47:91:android.view.View getView(int,android.view.View,android.view.ViewGroup) -> getView
com.kosherbacon.mmcfe_ng.ServerAdapter$1 -> com.kosherbacon.mmcfe_ng.i:
    com.kosherbacon.mmcfe_ng.ServerAdapter this$0 -> a
    64:88:void onClick(android.view.View) -> onClick
com.kosherbacon.mmcfe_ng.ServerAdapter$1$1 -> com.kosherbacon.mmcfe_ng.j:
    com.kosherbacon.mmcfe_ng.ServerAdapter$1 this$1 -> a
    67:81:void onClick(android.content.DialogInterface,int) -> onClick
...
android.support.v4.app.NavUtils -> android.support.v4.app.NavUtils:
    java.lang.String TAG -> TAG
    java.lang.String PARENT_ACTIVITY -> PARENT_ACTIVITY
    android.support.v4.app.NavUtils$NavUtilsImpl IMPL -> IMPL
    158:158:boolean shouldUpRecreateTask(android.app.Activity,android.content.Intent) -> shouldUpRecreateTask
    174:185:void navigateUpFromSameTask(android.app.Activity) -> navigateUpFromSameTask
    201:202:void navigateUpTo(android.app.Activity,android.content.Intent) -> navigateUpTo
    215:215:android.content.Intent getParentActivityIntent(android.app.Activity) -> getParentActivityIntent
    230:240:android.content.Intent getParentActivityIntent(android.content.Context,java.lang.Class) -> getParentActivityIntent
    255:265:android.content.Intent getParentActivityIntent(android.content.Context,android.content.ComponentName) -> getParentActivityIntent
    279:282:java.lang.String getParentActivityName(android.app.Activity) -> getParentActivityName
    297:300:java.lang.String getParentActivityName(android.content.Context,android.content.ComponentName) -> getParentActivityName
android.support.v4.app.NavUtils$NavUtilsImpl -> android.support.v4.app.NavUtils$NavUtilsImpl:
    android.content.Intent getParentActivityIntent(android.app.Activity) -> getParentActivityIntent
    boolean shouldUpRecreateTask(android.app.Activity,android.content.Intent) -> shouldUpRecreateTask
    void navigateUpTo(android.app.Activity,android.content.Intent) -> navigateUpTo
    java.lang.String getParentActivityName(android.content.Context,android.content.pm.ActivityInfo) -> getParentActivityName
android.support.v4.app.NavUtils$NavUtilsImplBase -> android.support.v4.app.NavUtils$NavUtilsImplBase:
    52:66:android.content.Intent getParentActivityIntent(android.app.Activity) -> getParentActivityIntent
    72:73:boolean shouldUpRecreateTask(android.app.Activity,android.content.Intent) -> shouldUpRecreateTask
    78:81:void navigateUpTo(android.app.Activity,android.content.Intent) -> navigateUpTo
    85:91:java.lang.String getParentActivityName(android.content.Context,android.content.pm.ActivityInfo) -> getParentActivityName
android.support.v4.app.NavUtils$NavUtilsImplJB -> android.support.v4.app.NavUtils$NavUtilsImplJB:
    101:105:android.content.Intent getParentActivityIntent(android.app.Activity) -> getParentActivityIntent
    109:109:android.content.Intent superGetParentActivityIntent(android.app.Activity) -> superGetParentActivityIntent
    114:114:boolean shouldUpRecreateTask(android.app.Activity,android.content.Intent) -> shouldUpRecreateTask
    119:120:void navigateUpTo(android.app.Activity,android.content.Intent) -> navigateUpTo
    124:128:java.lang.String getParentActivityName(android.content.Context,android.content.pm.ActivityInfo) -> getParentActivityName
android.support.v4.app.NavUtilsJB -> android.support.v4.app.NavUtilsJB:
    25:25:android.content.Intent getParentActivityIntent(android.app.Activity) -> getParentActivityIntent
    29:29:boolean shouldUpRecreateTask(android.app.Activity,android.content.Intent) -> shouldUpRecreateTask
    33:34:void navigateUpTo(android.app.Activity,android.content.Intent) -> navigateUpTo
    37:37:java.lang.String getParentActivityName(android.content.pm.ActivityInfo) -> getParentActivityName
android.support.v4.app.NoSaveStateFrameLayout -> android.support.v4.app.NoSaveStateFrameLayout:
    32:41:android.view.ViewGroup wrap(android.view.View) -> wrap
    53:54:void dispatchSaveInstanceState(android.util.SparseArray) -> dispatchSaveInstanceState
    61:62:void dispatchRestoreInstanceState(android.util.SparseArray) -> dispatchRestoreInstanceState