proguard_logs/usage.txt
com.kosherbacon.mmcfe_ng.AddServerActivity:
    private static final int ZBAR_SCANNER_REQUEST
    private static final int ZBAR_QR_SCANNER_REQUEST
com.kosherbacon.mmcfe_ng.Base64Coder:
    30:30:public static java.lang.String encodeString(java.lang.String)
    39:39:public static java.lang.String encodeLines(byte[])
    51:62:public static java.lang.String encodeLines(byte[],int,int,int,java.lang.String)
    81:81:public static char[] encode(byte[],int)
    120:120:public static java.lang.String decodeString(java.lang.String)
    131:137:public static byte[] decodeLines(java.lang.String)
    198:198:private Base64Coder()
com.kosherbacon.mmcfe_ng.BuildConfig
com.kosherbacon.mmcfe_ng.Preferences:
    public static final java.lang.String preferenceName
    10:10:public Preferences()
com.kosherbacon.mmcfe_ng.PreferencesData:
    static final long serialVersionUID
com.kosherbacon.mmcfe_ng.R
com.kosherbacon.mmcfe_ng.R$attr
com.kosherbacon.mmcfe_ng.R$bool
com.kosherbacon.mmcfe_ng.R$color
com.kosherbacon.mmcfe_ng.R$dimen
com.kosherbacon.mmcfe_ng.R$drawable
com.kosherbacon.mmcfe_ng.R$id
com.kosherbacon.mmcfe_ng.R$integer
com.kosherbacon.mmcfe_ng.R$layout
com.kosherbacon.mmcfe_ng.R$menu
com.kosherbacon.mmcfe_ng.R$raw
com.kosherbacon.mmcfe_ng.R$string
com.kosherbacon.mmcfe_ng.R$style
com.kosherbacon.mmcfe_ng.R$styleable
com.kosherbacon.mmcfe_ng.ServerEntry:
    static final long serialVersionUID
    36:36:public java.util.ArrayList getWorkers()
    40:41:public void setUrl(java.lang.String)
    44:45:public void setApiKey(java.lang.String)
    48:49:public void setUserID(java.lang.String)
    52:54:public varargs void setWorkers(com.kosherbacon.mmcfe_ng.Worker[])
    57:58:public void addWorker(com.kosherbacon.mmcfe_ng.Worker)
com.kosherbacon.mmcfe_ng.Worker:
    private java.lang.String name
    private int hashrate
    private boolean status
    static final long serialVersionUID
    14:18:public Worker(java.lang.String,int,boolean)
    21:21:public java.lang.String getName()
    25:25:public int getHashrate()
    29:29:public boolean getStatus()
    33:34:public void setName(java.lang.String)
    37:38:public void setHashrate(int)
    41:42:public void setStatus(boolean)
...
com.nineoldandroids.animation.Keyframe$ObjectKeyframe
com.nineoldandroids.animation.KeyframeSet
com.nineoldandroids.animation.ObjectAnimator
com.nineoldandroids.animation.PreHoneycombCompat
com.nineoldandroids.animation.PreHoneycombCompat$1
com.nineoldandroids.animation.PreHoneycombCompat$10
com.nineoldandroids.animation.PreHoneycombCompat$11
com.nineoldandroids.animation.PreHoneycombCompat$12
com.nineoldandroids.animation.PreHoneycombCompat$13
com.nineoldandroids.animation.PreHoneycombCompat$14
com.nineoldandroids.animation.PreHoneycombCompat$2
com.nineoldandroids.animation.PreHoneycombCompat$3
com.nineoldandroids.animation.PreHoneycombCompat$4
com.nineoldandroids.animation.PreHoneycombCompat$5
com.nineoldandroids.animation.PreHoneycombCompat$6
com.nineoldandroids.animation.PreHoneycombCompat$7
com.nineoldandroids.animation.PreHoneycombCompat$8
com.nineoldandroids.animation.PreHoneycombCompat$9
com.nineoldandroids.animation.PropertyValuesHolder
com.nineoldandroids.animation.PropertyValuesHolder$1
com.nineoldandroids.animation.PropertyValuesHolder$FloatPropertyValuesHolder
com.nineoldandroids.animation.PropertyValuesHolder$IntPropertyValuesHolder
com.nineoldandroids.animation.TimeAnimator
com.nineoldandroids.animation.TimeAnimator$TimeListener
com.nineoldandroids.animation.TypeEvaluator
com.nineoldandroids.animation.ValueAnimator
com.nineoldandroids.animation.ValueAnimator$1
com.nineoldandroids.animation.ValueAnimator$2
com.nineoldandroids.animation.ValueAnimator$3
com.nineoldandroids.animation.ValueAnimator$4
com.nineoldandroids.animation.ValueAnimator$5
com.nineoldandroids.animation.ValueAnimator$AnimationHandler
com.nineoldandroids.animation.ValueAnimator$AnimatorUpdateListener
com.nineoldandroids.util.FloatProperty
com.nineoldandroids.util.IntProperty
com.nineoldandroids.util.NoSuchPropertyException
com.nineoldandroids.util.Property
com.nineoldandroids.util.ReflectiveProperty
com.nineoldandroids.view.ViewPropertyAnimator
com.nineoldandroids.view.ViewPropertyAnimatorHC
com.nineoldandroids.view.ViewPropertyAnimatorHC$1
com.nineoldandroids.view.ViewPropertyAnimatorHC$AnimatorEventListener
com.nineoldandroids.view.ViewPropertyAnimatorHC$NameValuesHolder
com.nineoldandroids.view.ViewPropertyAnimatorHC$PropertyBundle
com.nineoldandroids.view.ViewPropertyAnimatorICS
com.nineoldandroids.view.ViewPropertyAnimatorICS$1
com.nineoldandroids.view.ViewPropertyAnimatorPreHC
com.nineoldandroids.view.ViewPropertyAnimatorPreHC$1
com.nineoldandroids.view.ViewPropertyAnimatorPreHC$AnimatorEventListener
com.nineoldandroids.view.ViewPropertyAnimatorPreHC$NameValuesHolder
com.nineoldandroids.view.ViewPropertyAnimatorPreHC$PropertyBundle
com.nineoldandroids.view.animation.AnimatorProxy
com.throrinstudio.android.common.libs.validator.AbstractValidate:
    public abstract void addValidator(com.throrinstudio.android.common.libs.validator.AbstractValidator)
com.throrinstudio.android.common.libs.validator.ValidatorException:
    private static final long serialVersionUID
    7:8:public ValidatorException()
    15:16:public ValidatorException(java.lang.String,java.lang.Throwable)
    22:23:public ValidatorException(java.lang.String)
    29:30:public ValidatorException(java.lang.Throwable)
com.throrinstudio.android.common.libs.validator.validate.ConfirmValidate:
    44:44:public void addValidator(com.throrinstudio.android.common.libs.validator.AbstractValidator)
com.throrinstudio.android.common.libs.validator.validate.OrTwoRequiredValidate:
    61:61:public void addValidator(com.throrinstudio.android.common.libs.validator.AbstractValidator)
com.throrinstudio.android.common.libs.validator.validator.AlnumValidator:
    28:30:public AlnumValidator(android.content.Context,int)
com.throrinstudio.android.common.libs.validator.validator.EmailValidator:
    23:25:public EmailValidator(android.content.Context,int)
com.throrinstudio.android.common.libs.validator.validator.HexValidator